[19-Jul-2025 00:18:45 UTC] PHP Warning:  Undefined variable $i in C:\Users\mosto\Local Sites\gqnn\app\public\wp-content\themes\gqnn-theme\header.php on line 12
[19-Jul-2025 00:18:45 UTC] PHP Warning:  Undefined variable $i in C:\Users\mosto\Local Sites\gqnn\app\public\wp-content\themes\gqnn-theme\header.php on line 13
[19-Jul-2025 00:18:45 UTC] PHP Warning:  Undefined variable $i in C:\Users\mosto\Local Sites\gqnn\app\public\wp-content\themes\gqnn-theme\header.php on line 16
[19-Jul-2025 00:18:45 UTC] PHP Warning:  Undefined variable $i in C:\Users\mosto\Local Sites\gqnn\app\public\wp-content\themes\gqnn-theme\header.php on line 12
[19-Jul-2025 00:18:45 UTC] PHP Warning:  Undefined variable $i in C:\Users\mosto\Local Sites\gqnn\app\public\wp-content\themes\gqnn-theme\header.php on line 12
[19-Jul-2025 00:18:45 UTC] PHP Warning:  Undefined variable $i in C:\Users\mosto\Local Sites\gqnn\app\public\wp-content\themes\gqnn-theme\header.php on line 13
[19-Jul-2025 00:18:45 UTC] PHP Warning:  Undefined variable $i in C:\Users\mosto\Local Sites\gqnn\app\public\wp-content\themes\gqnn-theme\header.php on line 16
[19-Jul-2025 00:18:45 UTC] PHP Warning:  Undefined variable $i in C:\Users\mosto\Local Sites\gqnn\app\public\wp-content\themes\gqnn-theme\header.php on line 12
[20-Jul-2025 22:57:25 UTC] PHP Parse error:  syntax error, unexpected token "}" in C:\Users\mosto\Local Sites\gqnn\app\public\wp-content\themes\gqnn-theme\index.php on line 32
[20-Jul-2025 23:00:57 UTC] PHP Fatal error:  Uncaught Error: Undefined constant "i" in C:\Users\mosto\Local Sites\gqnn\app\public\wp-content\themes\gqnn-theme\index.php:31
Stack trace:
#0 C:\Users\mosto\Local Sites\gqnn\app\public\wp-includes\template-loader.php(106): include()
#1 C:\Users\mosto\Local Sites\gqnn\app\public\wp-blog-header.php(19): require_once('C:\\Users\\mosto\\...')
#2 C:\Users\mosto\Local Sites\gqnn\app\public\index.php(17): require('C:\\Users\\mosto\\...')
#3 {main}
  thrown in C:\Users\mosto\Local Sites\gqnn\app\public\wp-content\themes\gqnn-theme\index.php on line 31
[20-Jul-2025 23:00:57 UTC] PHP Fatal error:  Uncaught Error: Undefined constant "i" in C:\Users\mosto\Local Sites\gqnn\app\public\wp-content\themes\gqnn-theme\index.php:31
Stack trace:
#0 C:\Users\mosto\Local Sites\gqnn\app\public\wp-includes\template-loader.php(106): include()
#1 C:\Users\mosto\Local Sites\gqnn\app\public\wp-blog-header.php(19): require_once('C:\\Users\\mosto\\...')
#2 C:\Users\mosto\Local Sites\gqnn\app\public\index.php(17): require('C:\\Users\\mosto\\...')
#3 {main}
  thrown in C:\Users\mosto\Local Sites\gqnn\app\public\wp-content\themes\gqnn-theme\index.php on line 31
[20-Jul-2025 23:00:57 UTC] PHP Fatal error:  Uncaught Error: Undefined constant "i" in C:\Users\mosto\Local Sites\gqnn\app\public\wp-content\themes\gqnn-theme\index.php:31
Stack trace:
#0 C:\Users\mosto\Local Sites\gqnn\app\public\wp-includes\template-loader.php(106): include()
#1 C:\Users\mosto\Local Sites\gqnn\app\public\wp-blog-header.php(19): require_once('C:\\Users\\mosto\\...')
#2 C:\Users\mosto\Local Sites\gqnn\app\public\index.php(17): require('C:\\Users\\mosto\\...')
#3 {main}
  thrown in C:\Users\mosto\Local Sites\gqnn\app\public\wp-content\themes\gqnn-theme\index.php on line 31
[20-Jul-2025 23:01:04 UTC] PHP Fatal error:  Uncaught Error: Undefined constant "i" in C:\Users\mosto\Local Sites\gqnn\app\public\wp-content\themes\gqnn-theme\index.php:31
Stack trace:
#0 C:\Users\mosto\Local Sites\gqnn\app\public\wp-includes\template-loader.php(106): include()
#1 C:\Users\mosto\Local Sites\gqnn\app\public\wp-blog-header.php(19): require_once('C:\\Users\\mosto\\...')
#2 C:\Users\mosto\Local Sites\gqnn\app\public\index.php(17): require('C:\\Users\\mosto\\...')
#3 {main}
  thrown in C:\Users\mosto\Local Sites\gqnn\app\public\wp-content\themes\gqnn-theme\index.php on line 31
[20-Jul-2025 23:01:05 UTC] PHP Fatal error:  Uncaught Error: Undefined constant "i" in C:\Users\mosto\Local Sites\gqnn\app\public\wp-content\themes\gqnn-theme\index.php:31
Stack trace:
#0 C:\Users\mosto\Local Sites\gqnn\app\public\wp-includes\template-loader.php(106): include()
#1 C:\Users\mosto\Local Sites\gqnn\app\public\wp-blog-header.php(19): require_once('C:\\Users\\mosto\\...')
#2 C:\Users\mosto\Local Sites\gqnn\app\public\index.php(17): require('C:\\Users\\mosto\\...')
#3 {main}
  thrown in C:\Users\mosto\Local Sites\gqnn\app\public\wp-content\themes\gqnn-theme\index.php on line 31
[20-Jul-2025 23:01:05 UTC] PHP Fatal error:  Uncaught Error: Undefined constant "i" in C:\Users\mosto\Local Sites\gqnn\app\public\wp-content\themes\gqnn-theme\index.php:31
Stack trace:
#0 C:\Users\mosto\Local Sites\gqnn\app\public\wp-includes\template-loader.php(106): include()
#1 C:\Users\mosto\Local Sites\gqnn\app\public\wp-blog-header.php(19): require_once('C:\\Users\\mosto\\...')
#2 C:\Users\mosto\Local Sites\gqnn\app\public\index.php(17): require('C:\\Users\\mosto\\...')
#3 {main}
  thrown in C:\Users\mosto\Local Sites\gqnn\app\public\wp-content\themes\gqnn-theme\index.php on line 31
[20-Jul-2025 23:01:06 UTC] PHP Fatal error:  Uncaught Error: Undefined constant "i" in C:\Users\mosto\Local Sites\gqnn\app\public\wp-content\themes\gqnn-theme\index.php:31
Stack trace:
#0 C:\Users\mosto\Local Sites\gqnn\app\public\wp-includes\template-loader.php(106): include()
#1 C:\Users\mosto\Local Sites\gqnn\app\public\wp-blog-header.php(19): require_once('C:\\Users\\mosto\\...')
#2 C:\Users\mosto\Local Sites\gqnn\app\public\index.php(17): require('C:\\Users\\mosto\\...')
#3 {main}
  thrown in C:\Users\mosto\Local Sites\gqnn\app\public\wp-content\themes\gqnn-theme\index.php on line 31
[20-Jul-2025 23:01:06 UTC] PHP Fatal error:  Uncaught Error: Undefined constant "i" in C:\Users\mosto\Local Sites\gqnn\app\public\wp-content\themes\gqnn-theme\index.php:31
Stack trace:
#0 C:\Users\mosto\Local Sites\gqnn\app\public\wp-includes\template-loader.php(106): include()
#1 C:\Users\mosto\Local Sites\gqnn\app\public\wp-blog-header.php(19): require_once('C:\\Users\\mosto\\...')
#2 C:\Users\mosto\Local Sites\gqnn\app\public\index.php(17): require('C:\\Users\\mosto\\...')
#3 {main}
  thrown in C:\Users\mosto\Local Sites\gqnn\app\public\wp-content\themes\gqnn-theme\index.php on line 31
[20-Jul-2025 23:01:06 UTC] PHP Fatal error:  Uncaught Error: Undefined constant "i" in C:\Users\mosto\Local Sites\gqnn\app\public\wp-content\themes\gqnn-theme\index.php:31
Stack trace:
#0 C:\Users\mosto\Local Sites\gqnn\app\public\wp-includes\template-loader.php(106): include()
#1 C:\Users\mosto\Local Sites\gqnn\app\public\wp-blog-header.php(19): require_once('C:\\Users\\mosto\\...')
#2 C:\Users\mosto\Local Sites\gqnn\app\public\index.php(17): require('C:\\Users\\mosto\\...')
#3 {main}
  thrown in C:\Users\mosto\Local Sites\gqnn\app\public\wp-content\themes\gqnn-theme\index.php on line 31
[20-Jul-2025 23:12:05 UTC] PHP Warning:  Undefined variable $nbsp in C:\Users\mosto\Local Sites\gqnn\app\public\wp-content\themes\gqnn-theme\index.php on line 28
[20-Jul-2025 23:12:05 UTC] PHP Warning:  Undefined variable $nbsp in C:\Users\mosto\Local Sites\gqnn\app\public\wp-content\themes\gqnn-theme\index.php on line 28
[20-Jul-2025 23:12:05 UTC] PHP Warning:  Undefined variable $nbsp in C:\Users\mosto\Local Sites\gqnn\app\public\wp-content\themes\gqnn-theme\index.php on line 28
[20-Jul-2025 23:12:05 UTC] PHP Warning:  Undefined variable $nbsp in C:\Users\mosto\Local Sites\gqnn\app\public\wp-content\themes\gqnn-theme\index.php on line 28
[20-Jul-2025 23:12:05 UTC] PHP Warning:  Undefined variable $nbsp in C:\Users\mosto\Local Sites\gqnn\app\public\wp-content\themes\gqnn-theme\index.php on line 28
[20-Jul-2025 23:12:05 UTC] PHP Warning:  Undefined variable $nbsp in C:\Users\mosto\Local Sites\gqnn\app\public\wp-content\themes\gqnn-theme\index.php on line 28
[21-Jul-2025 00:07:04 UTC] PHP Parse error:  syntax error, unexpected token "}" in C:\Users\mosto\Local Sites\gqnn\app\public\wp-content\themes\gqnn-theme\header.php on line 20
[22-Jul-2025 23:23:36 UTC] PHP Warning:  Array to string conversion in C:\Users\mosto\Local Sites\gqnn\app\public\wp-content\themes\gqnn-theme\index.php on line 25
[22-Jul-2025 23:23:47 UTC] PHP Fatal error:  Uncaught Error: Object of class WP_Post could not be converted to string in C:\Users\mosto\Local Sites\gqnn\app\public\wp-content\themes\gqnn-theme\index.php:25
Stack trace:
#0 C:\Users\mosto\Local Sites\gqnn\app\public\wp-includes\template-loader.php(106): include()
#1 C:\Users\mosto\Local Sites\gqnn\app\public\wp-blog-header.php(19): require_once('C:\\Users\\mosto\\...')
#2 C:\Users\mosto\Local Sites\gqnn\app\public\index.php(17): require('C:\\Users\\mosto\\...')
#3 {main}
  thrown in C:\Users\mosto\Local Sites\gqnn\app\public\wp-content\themes\gqnn-theme\index.php on line 25
[22-Jul-2025 23:49:24 UTC] PHP Warning:  Undefined variable $i in C:\Users\mosto\Local Sites\gqnn\app\public\wp-content\themes\gqnn-theme\index.php on line 32
[22-Jul-2025 23:49:24 UTC] PHP Warning:  Undefined variable $i in C:\Users\mosto\Local Sites\gqnn\app\public\wp-content\themes\gqnn-theme\index.php on line 32
[22-Jul-2025 23:49:24 UTC] PHP Warning:  Undefined variable $i in C:\Users\mosto\Local Sites\gqnn\app\public\wp-content\themes\gqnn-theme\index.php on line 32
[23-Jul-2025 00:02:12 UTC] Cron unschedule event error for hook: do_pings, Error code: could_not_set, Error message: The cron event list could not be saved., Data: {"schedule":false,"args":[]}
[23-Jul-2025 00:33:13 UTC] PHP Fatal error:  Uncaught Error: Undefined constant "api_token" in C:\Users\mosto\Local Sites\gqnn\app\public\wp-content\themes\gqnn-theme\index.php:40
Stack trace:
#0 C:\Users\mosto\Local Sites\gqnn\app\public\wp-includes\template-loader.php(106): include()
#1 C:\Users\mosto\Local Sites\gqnn\app\public\wp-blog-header.php(19): require_once('C:\\Users\\mosto\\...')
#2 C:\Users\mosto\Local Sites\gqnn\app\public\index.php(17): require('C:\\Users\\mosto\\...')
#3 {main}
  thrown in C:\Users\mosto\Local Sites\gqnn\app\public\wp-content\themes\gqnn-theme\index.php on line 40
